2020-01-13 11:57:59,163 
2020-01-13 11:57:59,164 ##### New Permutation Importance Study #####
2020-01-13 12:48:24,269 Model used to PermitationImportance: Random Forest
2020-01-13 12:50:58,705 Params: {'bootstrap': True, 'ccp_alpha': 0.0, 'class_weight': None, 'criterion': 'entropy', 'max_depth': 5, 'max_features': 'auto', 'max_leaf_nodes': None, 'max_samples': None, 'min_impurity_decrease': 0.0, 'min_impurity_split': None, 'min_samples_leaf': 1, 'min_samples_split': 2, 'min_weight_fraction_leaf': 0.0, 'n_estimators': 200, 'n_jobs': -1, 'oob_score': True, 'random_state': 42, 'verbose': 0, 'warm_start': False}
2020-01-13 13:02:18,740 Params: {'bootstrap': True, 'ccp_alpha': 0.0, 'class_weight': None, 'criterion': 'entropy', 'max_depth': 5, 'max_features': 'auto', 'max_leaf_nodes': None, 'max_samples': None, 'min_impurity_decrease': 0.0, 'min_impurity_split': None, 'min_samples_leaf': 1, 'min_samples_split': 2, 'min_weight_fraction_leaf': 0.0, 'n_estimators': 200, 'n_jobs': -1, 'oob_score': True, 'random_state': 42, 'verbose': 0, 'warm_start': False}
2020-01-13 13:14:59,026 Importances: [-6.02977200e-04 -3.01488600e-04  1.50744300e-04 -4.44089210e-17
 -2.63802525e-04  7.53721500e-05  7.53721500e-04  6.02977200e-04
 -1.13058225e-04  3.01488600e-04  1.13058225e-04  0.00000000e+00
 -3.01488600e-04  0.00000000e+00  0.00000000e+00  0.00000000e+00
  0.00000000e+00  0.00000000e+00  0.00000000e+00  1.88430375e-04
  0.00000000e+00  0.00000000e+00  7.53721500e-05  0.00000000e+00
  3.76860750e-04  3.76860750e-05  3.76860750e-05 -3.76860750e-05
  7.53721500e-05  0.00000000e+00 -2.22044605e-17 -3.76860750e-05
 -3.76860750e-05 -1.13058225e-04  0.00000000e+00  4.52232900e-04
 -3.76860750e-05  0.00000000e+00  1.88430375e-04  0.00000000e+00
 -1.01752402e-03  0.00000000e+00 -1.50744300e-04 -1.88430375e-04
 -2.22044605e-17 -3.76860750e-05  0.00000000e+00 -3.76860750e-05
  2.63802525e-04  0.00000000e+00  0.00000000e+00  0.00000000e+00
 -6.66133815e-17  0.00000000e+00 -2.26116450e-04 -2.63802525e-04
  3.01488600e-04  3.76860750e-05 -2.63802525e-04 -2.63802525e-04
  0.00000000e+00  1.88430375e-04  0.00000000e+00 -3.76860750e-05
  0.00000000e+00  0.00000000e+00  0.00000000e+00  7.53721500e-05
  0.00000000e+00 -7.53721500e-05  3.76860750e-05  0.00000000e+00
  1.50744300e-04 -3.76860750e-05  0.00000000e+00 -3.76860750e-05
  0.00000000e+00  2.26116450e-04  0.00000000e+00 -7.53721500e-05
  0.00000000e+00 -2.22044605e-17 -1.13058225e-04 -7.53721500e-05
 -3.76860750e-05  0.00000000e+00  0.00000000e+00  1.88430375e-04
  0.00000000e+00  0.00000000e+00  0.00000000e+00  0.00000000e+00
  1.13058225e-04 -2.63802525e-04 -3.76860750e-05 -7.53721500e-05
  1.13058225e-04  0.00000000e+00  7.53721500e-05  1.13058225e-04
 -2.22044605e-17  0.00000000e+00 -2.63802525e-04  3.76860750e-05
  3.76860750e-05  0.00000000e+00 -3.39174675e-04 -7.53721500e-05
 -2.22044605e-17  3.76860750e-04  8.29093650e-04  0.00000000e+00
  2.63802525e-04  7.53721500e-05  1.13058225e-04  0.00000000e+00
 -5.27605050e-04 -2.22044605e-17  0.00000000e+00  0.00000000e+00
 -4.14546825e-04  0.00000000e+00  0.00000000e+00 -3.01488600e-04
  1.13058225e-04 -3.76860750e-04  0.00000000e+00  0.00000000e+00
 -7.53721500e-05 -6.02977200e-04  0.00000000e+00 -8.66779725e-04
 -1.50744300e-04  0.00000000e+00 -3.76860750e-04  0.00000000e+00
  0.00000000e+00  0.00000000e+00 -1.88430375e-04  0.00000000e+00
  0.00000000e+00  0.00000000e+00 -1.13058225e-04  0.00000000e+00
 -3.76860750e-05  0.00000000e+00  0.00000000e+00  0.00000000e+00
  0.00000000e+00  0.00000000e+00  1.13058225e-04  1.50744300e-04
  7.53721500e-05 -4.52232900e-04 -8.29093650e-04 -1.88430375e-04
  0.00000000e+00 -2.63802525e-04  0.00000000e+00  0.00000000e+00
 -4.14546825e-04  0.00000000e+00  3.76860750e-04 -1.13058225e-04
  0.00000000e+00  0.00000000e+00 -7.53721500e-05  0.00000000e+00
  1.88430375e-04  0.00000000e+00  7.53721500e-05  0.00000000e+00
 -2.63802525e-04  0.00000000e+00 -4.89918975e-04  0.00000000e+00
 -2.22044605e-17 -1.13058225e-04  0.00000000e+00  0.00000000e+00
  5.65291125e-04 -2.22044605e-17  0.00000000e+00  0.00000000e+00
  1.13058225e-04  0.00000000e+00  0.00000000e+00  0.00000000e+00
  0.00000000e+00 -2.22044605e-17  0.00000000e+00  0.00000000e+00
 -3.76860750e-05 -7.53721500e-05  0.00000000e+00  0.00000000e+00
  0.00000000e+00  0.00000000e+00  0.00000000e+00 -1.88430375e-04
  1.13058225e-04 -4.52232900e-04 -2.22044605e-17  0.00000000e+00
  0.00000000e+00  0.00000000e+00  0.00000000e+00  1.50744300e-04
  0.00000000e+00  0.00000000e+00 -7.53721500e-05 -4.52232900e-04
  3.76860750e-05 -1.13058225e-04  0.00000000e+00  0.00000000e+00
  0.00000000e+00  0.00000000e+00 -2.26116450e-04 -1.88430375e-04
  0.00000000e+00  1.13058225e-04  0.00000000e+00  0.00000000e+00
  0.00000000e+00  1.50744300e-04  0.00000000e+00  0.00000000e+00
 -7.53721500e-05 -1.88430375e-04  7.53721500e-05  0.00000000e+00
 -7.53721500e-05 -3.01488600e-04  0.00000000e+00  0.00000000e+00
  0.00000000e+00  0.00000000e+00  7.53721500e-05  3.76860750e-05
  0.00000000e+00  0.00000000e+00  0.00000000e+00  1.13058225e-04
 -3.76860750e-05  0.00000000e+00 -1.13058225e-04  1.50744300e-04
 -1.13058225e-04 -1.50744300e-04  7.16035425e-04  0.00000000e+00
  0.00000000e+00 -2.26116450e-04 -1.50744300e-04  7.53721500e-05
  0.00000000e+00  1.13058225e-04  0.00000000e+00  7.53721500e-05
 -1.13058225e-04  0.00000000e+00  0.00000000e+00 -1.13058225e-04
  0.00000000e+00 -3.76860750e-05  0.00000000e+00  0.00000000e+00
  0.00000000e+00  1.88430375e-04  0.00000000e+00 -1.13058225e-04
  0.00000000e+00 -7.53721500e-05  1.39438477e-03  0.00000000e+00
  3.76860750e-05  2.26116450e-04  0.00000000e+00 -1.13058225e-04
  0.00000000e+00  0.00000000e+00  0.00000000e+00  0.00000000e+00
 -2.26116450e-04  3.39174675e-04  0.00000000e+00  0.00000000e+00
  0.00000000e+00 -1.88430375e-04  0.00000000e+00  1.50744300e-04
 -7.53721500e-05  0.00000000e+00  0.00000000e+00  1.24364047e-03
 -3.01488600e-04  0.00000000e+00  0.00000000e+00  0.00000000e+00
  0.00000000e+00  0.00000000e+00  0.00000000e+00  0.00000000e+00
  0.00000000e+00  0.00000000e+00  0.00000000e+00 -1.88430375e-04
  2.63802525e-04 -1.13058225e-04  1.13058225e-04  0.00000000e+00
  0.00000000e+00  7.16035425e-04 -3.39174675e-04 -7.53721500e-05
  0.00000000e+00 -2.26116450e-04  0.00000000e+00  4.89918975e-04
  0.00000000e+00  3.76860750e-04 -4.14546825e-04 -1.13058225e-04
  7.53721500e-05  0.00000000e+00  0.00000000e+00  0.00000000e+00
 -5.27605050e-04  0.00000000e+00 -1.13058225e-04  0.00000000e+00
  0.00000000e+00 -1.88430375e-04  0.00000000e+00  0.00000000e+00
  2.26116450e-04  0.00000000e+00  0.00000000e+00  0.00000000e+00
  0.00000000e+00 -1.50744300e-04 -3.01488600e-04  0.00000000e+00
  7.53721500e-05 -2.26116450e-04  0.00000000e+00 -3.76860750e-05
 -2.26116450e-04 -1.88430375e-04  0.00000000e+00  0.00000000e+00
  3.76860750e-05  3.01488600e-04 -1.50744300e-04  0.00000000e+00
  0.00000000e+00  0.00000000e+00 -1.13058225e-04  0.00000000e+00
 -1.13058225e-04 -4.52232900e-04  2.26116450e-03  3.76860750e-05
  0.00000000e+00  1.13058225e-04  0.00000000e+00  0.00000000e+00
  0.00000000e+00  0.00000000e+00  0.00000000e+00  0.00000000e+00
  0.00000000e+00 -1.88430375e-04  7.53721500e-05 -3.76860750e-05
  0.00000000e+00 -1.13058225e-04  0.00000000e+00 -1.13058225e-04
 -1.50744300e-04  0.00000000e+00  0.00000000e+00  0.00000000e+00
 -2.26116450e-04 -7.53721500e-05 -7.53721500e-05 -1.88430375e-04
  0.00000000e+00  0.00000000e+00 -4.44089210e-17 -3.39174675e-04
  0.00000000e+00  0.00000000e+00  0.00000000e+00  3.39174675e-04
 -7.53721500e-05  0.00000000e+00  0.00000000e+00  0.00000000e+00
  1.50744300e-04  0.00000000e+00  0.00000000e+00  7.53721500e-05
  0.00000000e+00  0.00000000e+00  0.00000000e+00  0.00000000e+00
  0.00000000e+00  1.13058225e-04  0.00000000e+00  0.00000000e+00
  0.00000000e+00  0.00000000e+00  0.00000000e+00  1.88430375e-04
  0.00000000e+00  0.00000000e+00  0.00000000e+00  0.00000000e+00
 -7.16035425e-04  0.00000000e+00  0.00000000e+00  0.00000000e+00
  0.00000000e+00 -1.88430375e-04  0.00000000e+00 -1.50744300e-04
 -7.53721500e-05  0.00000000e+00  0.00000000e+00  3.76860750e-05
 -2.63802525e-04 -7.53721500e-05 -1.88430375e-04  0.00000000e+00
  1.13058225e-04  1.13058225e-04  0.00000000e+00 -2.26116450e-04
  0.00000000e+00  0.00000000e+00  0.00000000e+00 -7.53721500e-05
  0.00000000e+00  0.00000000e+00  0.00000000e+00  0.00000000e+00
 -3.01488600e-04  0.00000000e+00  0.00000000e+00 -1.50744300e-04
 -2.26116450e-04  0.00000000e+00  0.00000000e+00  0.00000000e+00
 -1.13058225e-04  0.00000000e+00  1.13058225e-04 -3.76860750e-05
  0.00000000e+00  3.76860750e-04 -2.26116450e-04 -7.53721500e-05
 -2.63802525e-04  0.00000000e+00  0.00000000e+00 -2.26116450e-04
  1.13058225e-04  1.13058225e-04 -3.76860750e-04  0.00000000e+00
 -2.26116450e-04  0.00000000e+00  3.76860750e-05  0.00000000e+00
  0.00000000e+00  0.00000000e+00  0.00000000e+00  0.00000000e+00
 -2.63802525e-04  0.00000000e+00  0.00000000e+00  0.00000000e+00
  0.00000000e+00  0.00000000e+00  0.00000000e+00  0.00000000e+00
  0.00000000e+00  0.00000000e+00  7.53721500e-05  0.00000000e+00
  0.00000000e+00  0.00000000e+00 -1.88430375e-04  1.88430375e-04
  0.00000000e+00  0.00000000e+00  3.76860750e-05  0.00000000e+00
  0.00000000e+00 -2.26116450e-04  0.00000000e+00  0.00000000e+00
  0.00000000e+00  0.00000000e+00  0.00000000e+00  0.00000000e+00
  0.00000000e+00 -3.76860750e-05 -3.76860750e-05  0.00000000e+00
  0.00000000e+00  0.00000000e+00  0.00000000e+00  0.00000000e+00
  0.00000000e+00  0.00000000e+00  0.00000000e+00  0.00000000e+00
  0.00000000e+00 -4.89918975e-04 -1.13058225e-04  0.00000000e+00
 -1.50744300e-04  0.00000000e+00  0.00000000e+00  3.39174675e-04
 -1.88430375e-04  3.76860750e-05 -1.88430375e-04  9.79837950e-04
 -7.53721500e-05  3.39174675e-04 -1.88430375e-04  0.00000000e+00
  3.76860750e-05  1.50744300e-04 -3.76860750e-05  0.00000000e+00
  0.00000000e+00  0.00000000e+00 -2.26116450e-04 -3.76860750e-05
  0.00000000e+00  0.00000000e+00  0.00000000e+00  3.39174675e-04
  0.00000000e+00 -3.76860750e-05 -1.88430375e-04  0.00000000e+00
 -2.22044605e-17 -4.52232900e-04  0.00000000e+00  0.00000000e+00
 -7.53721500e-05  0.00000000e+00  7.53721500e-05 -3.01488600e-04
  0.00000000e+00 -1.50744300e-04  0.00000000e+00 -1.50744300e-04
 -3.76860750e-05  0.00000000e+00  0.00000000e+00  0.00000000e+00
 -1.13058225e-04 -1.13058225e-04  0.00000000e+00  0.00000000e+00
 -3.76860750e-05  0.00000000e+00 -3.76860750e-04  3.76860750e-05
 -1.13058225e-04  2.63802525e-04 -7.53721500e-05  0.00000000e+00
  0.00000000e+00  0.00000000e+00 -3.76860750e-05 -1.88430375e-04
  0.00000000e+00 -7.53721500e-05  0.00000000e+00 -3.76860750e-05
 -3.76860750e-05  0.00000000e+00 -3.76860750e-05 -4.44089210e-17
 -1.13058225e-04 -3.76860750e-04  0.00000000e+00  0.00000000e+00
  0.00000000e+00  7.53721500e-05  0.00000000e+00 -7.53721500e-05
  0.00000000e+00  0.00000000e+00  0.00000000e+00 -1.13058225e-04
  0.00000000e+00  3.76860750e-05  2.26116450e-04  0.00000000e+00
 -1.50744300e-04  0.00000000e+00  0.00000000e+00  0.00000000e+00
 -3.76860750e-05  0.00000000e+00  1.88430375e-04  0.00000000e+00
 -1.50744300e-04 -3.76860750e-05  3.76860750e-05  0.00000000e+00
 -7.53721500e-05  1.13058225e-04  3.76860750e-05  7.53721500e-05
 -3.01488600e-04  0.00000000e+00  0.00000000e+00  3.76860750e-05
 -3.76860750e-05  0.00000000e+00 -3.01488600e-04 -7.53721500e-05
  0.00000000e+00 -1.13058225e-04  0.00000000e+00  0.00000000e+00
 -1.50744300e-04  7.53721500e-05 -3.76860750e-05 -5.65291125e-04
 -4.52232900e-04  0.00000000e+00  1.50744300e-04  0.00000000e+00
 -2.63802525e-04  0.00000000e+00 -2.26116450e-04 -7.53721500e-05
  0.00000000e+00  0.00000000e+00 -7.53721500e-05  2.63802525e-04
  0.00000000e+00  0.00000000e+00 -3.01488600e-04 -1.88430375e-04
  7.53721500e-05  0.00000000e+00  0.00000000e+00  0.00000000e+00
 -1.50744300e-04  3.76860750e-05  1.13058225e-04 -3.76860750e-05
  0.00000000e+00  7.53721500e-05  0.00000000e+00 -1.88430375e-04
  3.76860750e-05 -7.53721500e-05  0.00000000e+00  0.00000000e+00
 -3.39174675e-04  0.00000000e+00  1.88430375e-04  1.13058225e-04
  3.01488600e-04  3.76860750e-05 -3.76860750e-04  0.00000000e+00
  0.00000000e+00  0.00000000e+00  7.53721500e-04  0.00000000e+00
  2.26116450e-04  3.76860750e-05  0.00000000e+00  0.00000000e+00
  0.00000000e+00  0.00000000e+00  0.00000000e+00  1.50744300e-04
  0.00000000e+00  0.00000000e+00  0.00000000e+00 -1.88430375e-04
  0.00000000e+00  9.42151875e-04  0.00000000e+00  0.00000000e+00
  0.00000000e+00  0.00000000e+00 -7.53721500e-05  0.00000000e+00
  0.00000000e+00 -1.13058225e-04  0.00000000e+00  0.00000000e+00
  0.00000000e+00  0.00000000e+00  0.00000000e+00  0.00000000e+00
  0.00000000e+00  0.00000000e+00  0.00000000e+00 -4.44089210e-17
 -3.76860750e-05  0.00000000e+00  0.00000000e+00  0.00000000e+00
  0.00000000e+00  7.53721500e-05  1.88430375e-04  0.00000000e+00
  0.00000000e+00  0.00000000e+00 -1.50744300e-04 -2.26116450e-04
 -2.63802525e-04  0.00000000e+00 -1.50744300e-04 -2.26116450e-04
  0.00000000e+00  0.00000000e+00  0.00000000e+00  1.50744300e-04
  0.00000000e+00 -6.02977200e-04  0.00000000e+00 -1.50744300e-04
 -3.76860750e-05  0.00000000e+00 -2.63802525e-04  0.00000000e+00
  0.00000000e+00  3.39174675e-04 -3.01488600e-04  0.00000000e+00
  1.88430375e-04 -1.50744300e-04  3.76860750e-05  0.00000000e+00
  3.76860750e-05  0.00000000e+00 -1.13058225e-04 -1.50744300e-04
  0.00000000e+00  0.00000000e+00  0.00000000e+00 -4.89918975e-04
  0.00000000e+00 -1.13058225e-04  0.00000000e+00  0.00000000e+00
 -2.22044605e-17 -1.50744300e-04  0.00000000e+00  0.00000000e+00
  0.00000000e+00  0.00000000e+00 -2.26116450e-04 -3.76860750e-05
  2.63802525e-04  3.76860750e-04  3.01488600e-04  1.88430375e-04
 -1.13058225e-04  0.00000000e+00 -4.89918975e-04  0.00000000e+00
  0.00000000e+00  0.00000000e+00  0.00000000e+00  0.00000000e+00
  0.00000000e+00  0.00000000e+00  0.00000000e+00  0.00000000e+00
  1.13058225e-04  0.00000000e+00  0.00000000e+00  0.00000000e+00
  0.00000000e+00  0.00000000e+00  0.00000000e+00  0.00000000e+00
 -3.76860750e-05  0.00000000e+00 -1.88430375e-04  0.00000000e+00
 -4.44089210e-17 -4.89918975e-04  0.00000000e+00 -3.76860750e-05
  1.50744300e-04 -3.76860750e-05  0.00000000e+00 -1.50744300e-04
 -6.78349350e-04  7.53721500e-05  1.13058225e-04  3.01488600e-04
  0.00000000e+00  0.00000000e+00 -1.88430375e-04 -3.76860750e-05
 -1.88430375e-04 -7.53721500e-05 -3.76860750e-05 -3.76860750e-05
 -1.88430375e-04  0.00000000e+00  0.00000000e+00  0.00000000e+00
 -3.76860750e-04  5.65291125e-04 -1.13058225e-04  0.00000000e+00
 -7.53721500e-05  0.00000000e+00  0.00000000e+00  0.00000000e+00
  0.00000000e+00  0.00000000e+00  3.76860750e-05  0.00000000e+00
  0.00000000e+00 -4.52232900e-04  0.00000000e+00  0.00000000e+00
 -4.52232900e-04  0.00000000e+00 -3.39174675e-04  0.00000000e+00
  0.00000000e+00  0.00000000e+00  0.00000000e+00  4.52232900e-04
 -8.29093650e-04  1.50744300e-04  1.13058225e-04  0.00000000e+00
 -4.44089210e-17  0.00000000e+00 -1.50744300e-04  0.00000000e+00
 -2.22044605e-17  0.00000000e+00  0.00000000e+00  0.00000000e+00
 -2.26116450e-04  0.00000000e+00  0.00000000e+00  0.00000000e+00
  7.53721500e-05  2.63802525e-04 -1.88430375e-04 -2.26116450e-04
  0.00000000e+00  0.00000000e+00 -1.50744300e-04  0.00000000e+00
 -3.39174675e-04 -2.26116450e-04 -7.53721500e-05  0.00000000e+00
  0.00000000e+00 -2.63802525e-04  0.00000000e+00  0.00000000e+00
 -6.02977200e-04  0.00000000e+00 -7.53721500e-05  0.00000000e+00
  0.00000000e+00  0.00000000e+00  0.00000000e+00 -1.50744300e-04
  0.00000000e+00  0.00000000e+00  0.00000000e+00  0.00000000e+00
 -3.01488600e-04 -2.63802525e-04  0.00000000e+00 -5.27605050e-04
  0.00000000e+00  0.00000000e+00  4.52232900e-04  0.00000000e+00
 -1.50744300e-04  3.76860750e-05 -3.76860750e-04  1.31901262e-03
 -2.26116450e-04 -2.63802525e-04 -1.88430375e-04  0.00000000e+00
  0.00000000e+00  3.76860750e-05  1.09289617e-03 -3.76860750e-05
 -7.53721500e-05 -7.53721500e-05 -2.26116450e-04 -2.63802525e-04
  0.00000000e+00  1.13058225e-04  0.00000000e+00  0.00000000e+00
  0.00000000e+00  0.00000000e+00  0.00000000e+00  0.00000000e+00
  0.00000000e+00 -3.76860750e-05  0.00000000e+00  0.00000000e+00
 -2.26116450e-04 -7.53721500e-05 -1.13058225e-04 -1.88430375e-04
  0.00000000e+00  0.00000000e+00 -1.88430375e-04  0.00000000e+00
 -5.65291125e-04 -1.13058225e-04  0.00000000e+00  0.00000000e+00
  0.00000000e+00  0.00000000e+00 -1.50744300e-04  0.00000000e+00
  0.00000000e+00 -2.22044605e-17 -1.13058225e-04 -3.76860750e-05
  0.00000000e+00  0.00000000e+00 -3.76860750e-05 -1.13058225e-04
 -1.50744300e-04  0.00000000e+00  0.00000000e+00  0.00000000e+00
  3.76860750e-05  0.00000000e+00  3.01488600e-04  0.00000000e+00
 -1.50744300e-04  0.00000000e+00 -2.26116450e-04  0.00000000e+00
  0.00000000e+00  0.00000000e+00 -6.02977200e-04  0.00000000e+00
  0.00000000e+00 -4.14546825e-04 -4.52232900e-04 -7.53721500e-05
 -3.01488600e-04  2.14056906e-02 -2.63802525e-04 -1.13058225e-04
 -2.63802525e-04  1.13058225e-04 -1.13058225e-04 -2.22044605e-17
  0.00000000e+00  1.50744300e-04 -6.40663275e-04  3.76860750e-05
 -1.50744300e-04 -2.26116450e-04  9.42151875e-04 -1.50744300e-04
  0.00000000e+00  0.00000000e+00 -2.26116450e-04  1.46975692e-03
  1.88430375e-04]
2020-01-13 13:14:59,194 End
